<?xml version="1.0" encoding="UTF-8"?>
<testng-results ignored="0" total="1" passed="1" failed="0" skipped="0">
  <reporter-output>
  </reporter-output>
  <suite started-at="2021-02-25T12:22:04 MSK" name="Command line suite" finished-at="2021-02-25T12:22:43 MSK" duration-ms="38807">
    <groups>
    </groups>
    <test started-at="2021-02-25T12:22:04 MSK" name="Command line test" finished-at="2021-02-25T12:22:43 MSK" duration-ms="38807">
      <class name="taskN_3.test.TotalEstimatedMonthlyCostCheckTest">
        <test-method is-config="true" signature="setup()[pri:0, instance:taskN_3.test.TotalEstimatedMonthlyCostCheckTest@10d59286]" started-at="2021-02-25T12:22:04 MSK" name="setup" finished-at="2021-02-25T12:22:11 MSK" duration-ms="7261" status="PASS">
          <reporter-output>
          </reporter-output>
        </test-method> <!-- setup -->
        <test-method signature="test()[pri:0, instance:taskN_3.test.TotalEstimatedMonthlyCostCheckTest@10d59286]" started-at="2021-02-25T12:22:11 MSK" name="test" finished-at="2021-02-25T12:22:41 MSK" duration-ms="29721" status="PASS">
          <reporter-output>
          </reporter-output>
        </test-method> <!-- test -->
        <test-method is-config="true" signature="stopBrowser()[pri:0, instance:taskN_3.test.TotalEstimatedMonthlyCostCheckTest@10d59286]" started-at="2021-02-25T12:22:41 MSK" name="stopBrowser" finished-at="2021-02-25T12:22:43 MSK" duration-ms="1794" status="PASS">
          <reporter-output>
          </reporter-output>
        </test-method> <!-- stopBrowser -->
      </class> <!-- taskN_3.test.TotalEstimatedMonthlyCostCheckTest -->
    </test> <!-- Command line test -->
  </suite> <!-- Command line suite -->
</testng-results>
