<?xml version="1.0" encoding="UTF-8"?>
<testng-results ignored="0" total="1" passed="1" failed="0" skipped="0">
  <reporter-output>
  </reporter-output>
  <suite started-at="2021-02-25T13:09:19 MSK" name="Command line suite" finished-at="2021-02-25T13:09:58 MSK" duration-ms="38570">
    <groups>
    </groups>
    <test started-at="2021-02-25T13:09:19 MSK" name="Command line test" finished-at="2021-02-25T13:09:58 MSK" duration-ms="38570">
      <class name="taskN_3.test.TotalEstimatedMonthlyCostCheckTest">
        <test-method is-config="true" signature="setup()[pri:0, instance:taskN_3.test.TotalEstimatedMonthlyCostCheckTest@10d59286]" started-at="2021-02-25T13:09:19 MSK" name="setup" finished-at="2021-02-25T13:09:26 MSK" duration-ms="7277" status="PASS">
          <reporter-output>
          </reporter-output>
        </test-method> <!-- setup -->
        <test-method signature="test()[pri:0, instance:taskN_3.test.TotalEstimatedMonthlyCostCheckTest@10d59286]" started-at="2021-02-25T13:09:26 MSK" name="test" finished-at="2021-02-25T13:09:56 MSK" duration-ms="29557" status="PASS">
          <reporter-output>
          </reporter-output>
        </test-method> <!-- test -->
        <test-method is-config="true" signature="stopBrowser()[pri:0, instance:taskN_3.test.TotalEstimatedMonthlyCostCheckTest@10d59286]" started-at="2021-02-25T13:09:56 MSK" name="stopBrowser" finished-at="2021-02-25T13:09:58 MSK" duration-ms="1708" status="PASS">
          <reporter-output>
          </reporter-output>
        </test-method> <!-- stopBrowser -->
      </class> <!-- taskN_3.test.TotalEstimatedMonthlyCostCheckTest -->
    </test> <!-- Command line test -->
  </suite> <!-- Command line suite -->
</testng-results>
